2015-11-10 15:26:56 10fc InnoDB: Warning: Using innodb_additional_mem_pool_size is DEPRECATED. This option may be removed in future releases, together with the option innodb_use_sys_malloc and with the InnoDB's internal memory allocator.
2015-11-10 15:26:56 4348 [Note] InnoDB: Using mutexes to ref count buffer pool pages
2015-11-10 15:26:56 4348 [Note] InnoDB: The InnoDB memory heap is disabled
2015-11-10 15:26:56 4348 [Note] InnoDB: Mutexes and rw_locks use Windows interlocked functions
2015-11-10 15:26:56 4348 [Note] InnoDB: Memory barrier is not used
2015-11-10 15:26:56 4348 [Note] InnoDB: Compressed tables use zlib 1.2.3
2015-11-10 15:26:56 4348 [Note] InnoDB: Not using CPU crc32 instructions
2015-11-10 15:26:56 4348 [Note] InnoDB: Initializing buffer pool, size = 16.0M
2015-11-10 15:26:56 4348 [Note] InnoDB: Completed initialization of buffer pool
2015-11-10 15:26:56 4348 [Note] InnoDB: Highest supported file format is Barracuda.
2015-11-10 15:26:57 4348 [Note] InnoDB: 128 rollback segment(s) are active.
2015-11-10 15:26:57 4348 [Note] InnoDB: Waiting for purge to start
2015-11-10 15:26:57 4348 [Note] InnoDB:  Percona XtraDB (http://www.percona.com) 5.6.26-74.0 started; log sequence number 1835027
2015-11-10 15:26:57 6140 [Note] InnoDB: Dumping buffer pool(s) not yet started
2015-11-10 15:26:57 4348 [Note] Plugin 'FEEDBACK' is disabled.
2015-11-10 15:26:57 4348 [Note] Server socket created on IP: '::'.
2015-11-10 15:26:57 4348 [Note] Event Scheduler: Loaded 0 events
2015-11-10 15:26:57 4348 [Note] C:\xampp\mysql\bin\mysqld.exe: ready for connections.
Version: '10.1.8-MariaDB'  socket: ''  port: 3306  mariadb.org binary distribution
2015-11-10 15:27:11 5152 [Note] C:\xampp\mysql\bin\mysqld.exe: Normal shutdown

2015-11-10 15:27:11 5152 [Note] Event Scheduler: Purging the queue. 0 events
2015-11-10 15:27:11 5732 [Note] InnoDB: FTS optimize thread exiting.
2015-11-10 15:27:11 5152 [Note] InnoDB: Starting shutdown...
2015-11-10 15:27:13 5152 [Note] InnoDB: Shutdown completed; log sequence number 1835037
2015-11-10 15:27:13 5152 [Note] C:\xampp\mysql\bin\mysqld.exe: Shutdown complete

2017-10-19 06:20:38 1afc InnoDB: Warning: Using innodb_additional_mem_pool_size is DEPRECATED. This option may be removed in future releases, together with the option innodb_use_sys_malloc and with the InnoDB's internal memory allocator.
2017-10-19  6:20:38 6908 [Note] InnoDB: innodb_empty_free_list_algorithm has been changed to legacy because of small buffer pool size. In order to use backoff, increase buffer pool at least up to 20MB.

2017-10-19  6:20:38 6908 [Note] InnoDB: Using mutexes to ref count buffer pool pages
2017-10-19  6:20:38 6908 [Note] InnoDB: The InnoDB memory heap is disabled
2017-10-19  6:20:38 6908 [Note] InnoDB: Mutexes and rw_locks use Windows interlocked functions
2017-10-19  6:20:38 6908 [Note] InnoDB: _mm_lfence() and _mm_sfence() are used for memory barrier
2017-10-19  6:20:38 6908 [Note] InnoDB: Compressed tables use zlib 1.2.3
2017-10-19  6:20:38 6908 [Note] InnoDB: Using generic crc32 instructions
2017-10-19  6:20:38 6908 [Note] InnoDB: Initializing buffer pool, size = 16.0M
2017-10-19  6:20:38 6908 [Note] InnoDB: Completed initialization of buffer pool
2017-10-19  6:20:38 6908 [Note] InnoDB: Highest supported file format is Barracuda.
2017-10-19  6:20:38 6908 [Note] InnoDB: 128 rollback segment(s) are active.
2017-10-19  6:20:38 6908 [Note] InnoDB: Waiting for purge to start
2017-10-19  6:20:38 6908 [Note] InnoDB:  Percona XtraDB (http://www.percona.com) 5.6.36-82.1 started; log sequence number 1835037
2017-10-19  6:20:38 8972 [Note] InnoDB: Dumping buffer pool(s) not yet started
2017-10-19  6:20:38 6908 [Note] Plugin 'FEEDBACK' is disabled.
2017-10-19  6:20:38 6908 [Note] Server socket created on IP: '::'.
2017-10-19  6:20:38 6908 [Note] c:\xampp\mysql\bin\mysqld.exe: ready for connections.
Version: '10.1.26-MariaDB'  socket: ''  port: 3306  mariadb.org binary distribution
2017-10-19 06:21:50 53c InnoDB: Warning: Using innodb_additional_mem_pool_size is DEPRECATED. This option may be removed in future releases, together with the option innodb_use_sys_malloc and with the InnoDB's internal memory allocator.
2017-10-19  6:21:50 1340 [Note] InnoDB: innodb_empty_free_list_algorithm has been changed to legacy because of small buffer pool size. In order to use backoff, increase buffer pool at least up to 20MB.

2017-10-19  6:21:50 1340 [Note] InnoDB: Using mutexes to ref count buffer pool pages
2017-10-19  6:21:50 1340 [Note] InnoDB: The InnoDB memory heap is disabled
2017-10-19  6:21:50 1340 [Note] InnoDB: Mutexes and rw_locks use Windows interlocked functions
2017-10-19  6:21:50 1340 [Note] InnoDB: _mm_lfence() and _mm_sfence() are used for memory barrier
2017-10-19  6:21:50 1340 [Note] InnoDB: Compressed tables use zlib 1.2.3
2017-10-19  6:21:50 1340 [Note] InnoDB: Using generic crc32 instructions
2017-10-19  6:21:50 1340 [Note] InnoDB: Initializing buffer pool, size = 16.0M
2017-10-19  6:21:50 1340 [Note] InnoDB: Completed initialization of buffer pool
2017-10-19  6:21:50 1340 [Note] InnoDB: Highest supported file format is Barracuda.
2017-10-19  6:21:50 1340 [Note] InnoDB: The log sequence number 1835037 in ibdata file do not match the log sequence number 1836199 in the ib_logfiles!
2017-10-19  6:21:50 1340 [Note] InnoDB: Restoring possible half-written data pages from the doublewrite buffer...
2017-10-19  6:21:50 1340 [Note] InnoDB: 128 rollback segment(s) are active.
2017-10-19  6:21:50 1340 [Note] InnoDB: Waiting for purge to start
2017-10-19  6:21:50 1340 [Note] InnoDB:  Percona XtraDB (http://www.percona.com) 5.6.36-82.1 started; log sequence number 1836199
2017-10-19  6:21:50 7488 [Note] InnoDB: Dumping buffer pool(s) not yet started
2017-10-19  6:21:50 1340 [Note] Plugin 'FEEDBACK' is disabled.
2017-10-19  6:21:50 1340 [Note] Server socket created on IP: '::'.
2017-10-19  6:21:50 1340 [Note] c:\xampp\mysql\bin\mysqld.exe: ready for connections.
Version: '10.1.26-MariaDB'  socket: ''  port: 3306  mariadb.org binary distribution
2017-11-07 00:26:40 38c InnoDB: Warning: Using innodb_additional_mem_pool_size is DEPRECATED. This option may be removed in future releases, together with the option innodb_use_sys_malloc and with the InnoDB's internal memory allocator.
2017-11-07  0:26:40 908 [Note] InnoDB: innodb_empty_free_list_algorithm has been changed to legacy because of small buffer pool size. In order to use backoff, increase buffer pool at least up to 20MB.

2017-11-07  0:26:40 908 [Note] InnoDB: Using mutexes to ref count buffer pool pages
2017-11-07  0:26:40 908 [Note] InnoDB: The InnoDB memory heap is disabled
2017-11-07  0:26:40 908 [Note] InnoDB: Mutexes and rw_locks use Windows interlocked functions
2017-11-07  0:26:40 908 [Note] InnoDB: _mm_lfence() and _mm_sfence() are used for memory barrier
2017-11-07  0:26:40 908 [Note] InnoDB: Compressed tables use zlib 1.2.3
2017-11-07  0:26:40 908 [Note] InnoDB: Using generic crc32 instructions
2017-11-07  0:26:40 908 [Note] InnoDB: Initializing buffer pool, size = 16.0M
2017-11-07  0:26:40 908 [Note] InnoDB: Completed initialization of buffer pool
2017-11-07  0:26:40 908 [Note] InnoDB: Highest supported file format is Barracuda.
2017-11-07  0:26:40 908 [Note] InnoDB: The log sequence number 1835037 in ibdata file do not match the log sequence number 1836209 in the ib_logfiles!
2017-11-07  0:26:40 908 [Note] InnoDB: Restoring possible half-written data pages from the doublewrite buffer...
2017-11-07  0:26:40 908 [Note] InnoDB: 128 rollback segment(s) are active.
2017-11-07  0:26:40 908 [Note] InnoDB: Waiting for purge to start
2017-11-07  0:26:40 908 [Note] InnoDB:  Percona XtraDB (http://www.percona.com) 5.6.36-82.1 started; log sequence number 1836209
2017-11-07  0:26:40 8968 [Note] InnoDB: Dumping buffer pool(s) not yet started
2017-11-07  0:26:40 908 [Note] Plugin 'FEEDBACK' is disabled.
2017-11-07  0:26:40 908 [Note] Server socket created on IP: '::'.
2017-11-07  0:26:40 908 [Note] c:\xampp\mysql\bin\mysqld.exe: ready for connections.
Version: '10.1.26-MariaDB'  socket: ''  port: 3306  mariadb.org binary distribution
